Using pre-set license
Built from '2021.3/staging' branch; Version is '2021.3.16f1 (4016570cf34f) revision 4200023'; Using compiler version '192829333'; Build Type 'Release'
OS: 'Windows 10  (10.0.19045) 64bit ProfessionalWorkstation' Language: 'en' Physical Memory: 16255 MB
BatchMode: 1, IsHumanControllingUs: 0, StartBugReporterOnCrash: 0, Is64bit: 1, IsPro: 1

COMMAND LINE ARGUMENTS:
C:\Program Files\Unity\Hub\Editor\2021.3.16f1\Editor\Unity.exe
-adb2
-batchMode
-noUpm
-name
AssetImportWorker2
-projectPath
E:/Unity/Advance_Unity/Project1/PRU221_Group2_Project1_TowerDefense/2D_TowerDefense
-logFile
Logs/AssetImportWorker2.log
-srvPort
53097
Successfully changed project path to: E:/Unity/Advance_Unity/Project1/PRU221_Group2_Project1_TowerDefense/2D_TowerDefense
E:/Unity/Advance_Unity/Project1/PRU221_Group2_Project1_TowerDefense/2D_TowerDefense
[UnityMemory] Configuration Parameters - Can be set up in boot.config
    "memorysetup-bucket-allocator-granularity=16"
    "memorysetup-bucket-allocator-bucket-count=8"
    "memorysetup-bucket-allocator-block-size=33554432"
    "memorysetup-bucket-allocator-block-count=8"
    "memorysetup-main-allocator-block-size=16777216"
    "memorysetup-thread-allocator-block-size=16777216"
    "memorysetup-gfx-main-allocator-block-size=16777216"
    "memorysetup-gfx-thread-allocator-block-size=16777216"
    "memorysetup-cache-allocator-block-size=4194304"
    "memorysetup-typetree-allocator-block-size=2097152"
    "memorysetup-profiler-bucket-allocator-granularity=16"
    "memorysetup-profiler-bucket-allocator-bucket-count=8"
    "memorysetup-profiler-bucket-allocator-block-size=33554432"
    "memorysetup-profiler-bucket-allocator-block-count=8"
    "memorysetup-profiler-allocator-block-size=16777216"
    "memorysetup-profiler-editor-allocator-block-size=1048576"
    "memorysetup-temp-allocator-size-main=16777216"
    "memorysetup-job-temp-allocator-block-size=2097152"
    "memorysetup-job-temp-allocator-block-size-background=1048576"
    "memorysetup-job-temp-allocator-reduction-small-platforms=262144"
    "memorysetup-temp-allocator-size-background-worker=32768"
    "memorysetup-temp-allocator-size-job-worker=262144"
    "memorysetup-temp-allocator-size-preload-manager=33554432"
    "memorysetup-temp-allocator-size-nav-mesh-worker=65536"
    "memorysetup-temp-allocator-size-audio-worker=65536"
    "memorysetup-temp-allocator-size-cloud-worker=32768"
    "memorysetup-temp-allocator-size-gi-baking-worker=262144"
    "memorysetup-temp-allocator-size-gfx=262144"
Player connection [16428] Host "[IP] 192.168.0.113 [Port] 0 [Flags] 2 [Guid] 2679012545 [EditorId] 2679012545 [Version] 1048832 [Id] WindowsEditor(7,Namcoi) [Debug] 1 [PackageName] WindowsEditor [ProjectName] Editor" joined multi-casting on [225.0.0.222:54997]...

Player connection [16428] Host "[IP] 192.168.0.113 [Port] 0 [Flags] 2 [Guid] 2679012545 [EditorId] 2679012545 [Version] 1048832 [Id] WindowsEditor(7,Namcoi) [Debug] 1 [PackageName] WindowsEditor [ProjectName] Editor" joined alternative multi-casting on [225.0.0.222:34997]...

Refreshing native plugins compatible for Editor in 304.58 ms, found 4 plugins.
Preloading 0 native plugins for Editor in 0.00 ms.
Initialize engine version: 2021.3.16f1 (4016570cf34f)
[Subsystems] Discovering subsystems at path C:/Program Files/Unity/Hub/Editor/2021.3.16f1/Editor/Data/Resources/UnitySubsystems
[Subsystems] Discovering subsystems at path E:/Unity/Advance_Unity/Project1/PRU221_Group2_Project1_TowerDefense/2D_TowerDefense/Assets
GfxDevice: creating device client; threaded=0; jobified=0
Direct3D:
    Version:  Direct3D 11.0 [level 11.0]
    Renderer: NVIDIA GeForce MX130 (ID=0x174d)
    Vendor:   NVIDIA
    VRAM:     2008 MB
    Driver:   31.0.15.2849
Initialize mono
Mono path[0] = 'C:/Program Files/Unity/Hub/Editor/2021.3.16f1/Editor/Data/Managed'
Mono path[1] = 'C:/Program Files/Unity/Hub/Editor/2021.3.16f1/Editor/Data/MonoBleedingEdge/lib/mono/unityjit-win32'
Mono config path = 'C:/Program Files/Unity/Hub/Editor/2021.3.16f1/Editor/Data/MonoBleedingEdge/etc'
Using monoOptions --debugger-agent=transport=dt_socket,embedding=1,server=y,suspend=n,address=127.0.0.1:56232
Begin MonoManager ReloadAssembly
Registering precompiled unity dll's ...
Register platform support module: C:/Program Files/Unity/Hub/Editor/2021.3.16f1/Editor/Data/PlaybackEngines/WebGLSupport/UnityEditor.WebGL.Extensions.dll
Register platform support module: C:/Program Files/Unity/Hub/Editor/2021.3.16f1/Editor/Data/PlaybackEngines/WindowsStandaloneSupport/UnityEditor.WindowsStandalone.Extensions.dll
Registered in 0.020015 seconds.
Native extension for WindowsStandalone target not found
Native extension for WebGL target not found
Refreshing native plugins compatible for Editor in 387.04 ms, found 4 plugins.
Preloading 0 native plugins for Editor in 0.00 ms.
Mono: successfully reloaded assembly
- Completed reload, in  2.379 seconds
Domain Reload Profiling:
	ReloadAssembly (2380ms)
		BeginReloadAssembly (245ms)
			ExecutionOrderSort (0ms)
			DisableScriptedObjects (0ms)
			BackupInstance (0ms)
			ReleaseScriptingObjects (0ms)
			CreateAndSetChildDomain (2ms)
		EndReloadAssembly (1720ms)
			LoadAssemblies (241ms)
			RebuildTransferFunctionScriptingTraits (0ms)
			SetupTypeCache (438ms)
			ReleaseScriptCaches (0ms)
			RebuildScriptCaches (116ms)
			SetupLoadedEditorAssemblies (987ms)
				LogAssemblyErrors (0ms)
				InitializePlatformSupportModulesInManaged (32ms)
				SetLoadedEditorAssemblies (1ms)
				RefreshPlugins (387ms)
				BeforeProcessingInitializeOnLoad (4ms)
				ProcessInitializeOnLoadAttributes (441ms)
				ProcessInitializeOnLoadMethodAttributes (121ms)
				AfterProcessingInitializeOnLoad (0ms)
				EditorAssembliesLoaded (0ms)
			ExecutionOrderSort2 (0ms)
			AwakeInstancesAfterBackupRestoration (0ms)
Platform modules already initialized, skipping
Registering precompiled user dll's ...
Registered in 0.017397 seconds.
Begin MonoManager ReloadAssembly
Symbol file LoadedFromMemory doesn't match image E:\Unity\Advance_Unity\Project1\PRU221_Group2_Project1_TowerDefense\2D_TowerDefense\Library\PackageCache\com.unity.visualscripting@1.7.8\Editor\VisualScripting.Core\Dependencies\YamlDotNet\Unity.VisualScripting.YamlDotNet.dll
Symbol file LoadedFromMemory doesn't match image E:\Unity\Advance_Unity\Project1\PRU221_Group2_Project1_TowerDefense\2D_TowerDefense\Library\PackageCache\com.unity.visualscripting@1.7.8\Editor\VisualScripting.Core\Dependencies\DotNetZip\Unity.VisualScripting.IonicZip.dll
Native extension for WindowsStandalone target not found
Native extension for WebGL target not found
Refreshing native plugins compatible for Editor in 256.43 ms, found 4 plugins.
Preloading 0 native plugins for Editor in 0.00 ms.
Mono: successfully reloaded assembly
- Completed reload, in  3.604 seconds
Domain Reload Profiling:
	ReloadAssembly (3606ms)
		BeginReloadAssembly (241ms)
			ExecutionOrderSort (0ms)
			DisableScriptedObjects (9ms)
			BackupInstance (0ms)
			ReleaseScriptingObjects (0ms)
			CreateAndSetChildDomain (38ms)
		EndReloadAssembly (3014ms)
			LoadAssemblies (190ms)
			RebuildTransferFunctionScriptingTraits (0ms)
			SetupTypeCache (1061ms)
			ReleaseScriptCaches (1ms)
			RebuildScriptCaches (157ms)
			SetupLoadedEditorAssemblies (1459ms)
				LogAssemblyErrors (0ms)
				InitializePlatformSupportModulesInManaged (16ms)
				SetLoadedEditorAssemblies (1ms)
				RefreshPlugins (257ms)
				BeforeProcessingInitializeOnLoad (253ms)
				ProcessInitializeOnLoadAttributes (787ms)
				ProcessInitializeOnLoadMethodAttributes (120ms)
				AfterProcessingInitializeOnLoad (24ms)
				EditorAssembliesLoaded (0ms)
			ExecutionOrderSort2 (0ms)
			AwakeInstancesAfterBackupRestoration (16ms)
Platform modules already initialized, skipping
========================================================================
Worker process is ready to serve import requests
Launched and connected shader compiler UnityShaderCompiler.exe after 0.14 seconds
Refreshing native plugins compatible for Editor in 2.24 ms, found 4 plugins.
Preloading 0 native plugins for Editor in 0.00 ms.
Unloading 4046 Unused Serialized files (Serialized files now loaded: 0)
Unloading 44 unused Assets / (229.1 KB). Loaded Objects now: 4496.
Memory consumption went from 152.1 MB to 151.9 MB.
Total: 8.799600 ms (FindLiveObjects: 0.681100 ms CreateObjectMapping: 0.552000 ms MarkObjects: 7.259000 ms  DeleteObjects: 0.305800 ms)

AssetImportParameters requested are different than current active one (requested -> active):
  custom:video-decoder-ogg-theora: a1e56fd34408186e4bbccfd4996cb3dc -> 
  custom:container-muxer-webm: aa71ff27fc2769a1b78a27578f13a17b -> 
  custom:container-demuxer-webm: 4f35f7cbe854078d1ac9338744f61a02 -> 
  custom:video-encoder-webm-vp8: eb34c28f22e8b96e1ab97ce403110664 -> 
  custom:audio-encoder-webm-vorbis: bf7c407c2cedff20999df2af8eb42d56 -> 
  custom:framework-win-MediaFoundation: 216162199b28c13a410421893ffa2e32 -> 
  custom:container-demuxer-ogg: 62fdf1f143b41e24485cea50d1cbac27 -> 
  custom:video-decoder-webm-vp8: 9c59270c3fd7afecdb556c50c9e8de78 -> 
  custom:audio-decoder-ogg-vorbis: bf7c407c2cedff20999df2af8eb42d56 -> 
========================================================================
Received Import Request.
  Time since last request: 8770.390591 seconds.
  path: Assets/Sprites/Backyard - Free/Separate Tiles/backyard_69.png
  artifactKey: Guid(e6bf7352bfdb29047bb5805b5475aae7) Importer(815301076,1909f56bfc062723c751e8b465ee728b)
Start importing Assets/Sprites/Backyard - Free/Separate Tiles/backyard_69.png using Guid(e6bf7352bfdb29047bb5805b5475aae7) Importer(815301076,1909f56bfc062723c751e8b465ee728b)  -> (artifact id: 'e52e7f18e34055af8df339e5d120db5d') in 0.327400 seconds 
========================================================================
Received Import Request.
  Time since last request: 0.000041 seconds.
  path: Assets/Sprites/Backyard - Free/Separate Tiles/backyard_77.png
  artifactKey: Guid(71d6e6f4ce9be6040a7b9a302e30782e) Importer(815301076,1909f56bfc062723c751e8b465ee728b)
Start importing Assets/Sprites/Backyard - Free/Separate Tiles/backyard_77.png using Guid(71d6e6f4ce9be6040a7b9a302e30782e) Importer(815301076,1909f56bfc062723c751e8b465ee728b)  -> (artifact id: '496f11af41f08f83d71d91d2c0dfd8b7') in 0.038414 seconds 
========================================================================
Received Import Request.
  Time since last request: 0.000064 seconds.
  path: Assets/Sprites/Backyard - Free/Separate Tiles/backyard_46.png
  artifactKey: Guid(e69ac1d5d4fc7de4aaf74354f5ace12b) Importer(815301076,1909f56bfc062723c751e8b465ee728b)
Start importing Assets/Sprites/Backyard - Free/Separate Tiles/backyard_46.png using Guid(e69ac1d5d4fc7de4aaf74354f5ace12b) Importer(815301076,1909f56bfc062723c751e8b465ee728b)  -> (artifact id: '4651aa61b29ef1d3bbbd9040d40b32a9') in 0.037351 seconds 
========================================================================
Received Import Request.
  Time since last request: 0.000041 seconds.
  path: Assets/Sprites/Backyard - Free/Separate Tiles/backyard_16.png
  artifactKey: Guid(ef7ab9e52412b1a429927ebe322359a1) Importer(815301076,1909f56bfc062723c751e8b465ee728b)
Start importing Assets/Sprites/Backyard - Free/Separate Tiles/backyard_16.png using Guid(ef7ab9e52412b1a429927ebe322359a1) Importer(815301076,1909f56bfc062723c751e8b465ee728b)  -> (artifact id: 'fef068e316b55e14e734a02bea8f1ae3') in 0.032883 seconds 
========================================================================
Received Import Request.
  Time since last request: 0.000037 seconds.
  path: Assets/Sprites/Backyard - Free/Separate Tiles/backyard_68.png
  artifactKey: Guid(15b1ca86073a8d347aadc4934524f335) Importer(815301076,1909f56bfc062723c751e8b465ee728b)
Start importing Assets/Sprites/Backyard - Free/Separate Tiles/backyard_68.png using Guid(15b1ca86073a8d347aadc4934524f335) Importer(815301076,1909f56bfc062723c751e8b465ee728b)  -> (artifact id: '12be0d3d94e0042deedfe0cb209e67f8') in 0.025448 seconds 
========================================================================
Received Import Request.
  Time since last request: 0.000038 seconds.
  path: Assets/Sprites/Backyard - Free/Separate Tiles/backyard_26.png
  artifactKey: Guid(0e49d647cddb8e7488cdb1dbb795e131) Importer(815301076,1909f56bfc062723c751e8b465ee728b)
Start importing Assets/Sprites/Backyard - Free/Separate Tiles/backyard_26.png using Guid(0e49d647cddb8e7488cdb1dbb795e131) Importer(815301076,1909f56bfc062723c751e8b465ee728b)  -> (artifact id: '923847a8967741059676692b01ca306e') in 0.027197 seconds 
========================================================================
Received Import Request.
  Time since last request: 0.000035 seconds.
  path: Assets/Sprites/Backyard - Free/Separate Tiles/backyard_87.png
  artifactKey: Guid(9b3ea8d25f6c9f945bf418c2377f381c) Importer(815301076,1909f56bfc062723c751e8b465ee728b)
Start importing Assets/Sprites/Backyard - Free/Separate Tiles/backyard_87.png using Guid(9b3ea8d25f6c9f945bf418c2377f381c) Importer(815301076,1909f56bfc062723c751e8b465ee728b)  -> (artifact id: '552a63d34a9ce801789c24bff9a11073') in 0.031002 seconds 
========================================================================
Received Import Request.
  Time since last request: 0.000043 seconds.
  path: Assets/Sprites/Backyard - Free/Separate Tiles/backyard_63.png
  artifactKey: Guid(c59d4daefe41e64439f34a828429d6c7) Importer(815301076,1909f56bfc062723c751e8b465ee728b)
Start importing Assets/Sprites/Backyard - Free/Separate Tiles/backyard_63.png using Guid(c59d4daefe41e64439f34a828429d6c7) Importer(815301076,1909f56bfc062723c751e8b465ee728b)  -> (artifact id: '35b6d87daa1f6269f587802692d11ad8') in 0.032644 seconds 
========================================================================
Received Import Request.
  Time since last request: 0.000067 seconds.
  path: Assets/Sprites/Backyard - Free/Separate Tiles/backyard_18.png
  artifactKey: Guid(c5cc09d164c2eb941aa9d0e1f50fcc4d) Importer(815301076,1909f56bfc062723c751e8b465ee728b)
Start importing Assets/Sprites/Backyard - Free/Separate Tiles/backyard_18.png using Guid(c5cc09d164c2eb941aa9d0e1f50fcc4d) Importer(815301076,1909f56bfc062723c751e8b465ee728b)  -> (artifact id: '31118ecd5ed8cbfa1a3f05679f42cc51') in 0.036775 seconds 
========================================================================
Received Import Request.
  Time since last request: 0.000041 seconds.
  path: Assets/Sprites/Backyard - Free/Separate Tiles/backyard_23.png
  artifactKey: Guid(e15a132a1e9e691448cb636ce6ce79cf) Importer(815301076,1909f56bfc062723c751e8b465ee728b)
Start importing Assets/Sprites/Backyard - Free/Separate Tiles/backyard_23.png using Guid(e15a132a1e9e691448cb636ce6ce79cf) Importer(815301076,1909f56bfc062723c751e8b465ee728b)  -> (artifact id: 'e6cb4076d0e2706a583e99f823035fef') in 0.043726 seconds 
========================================================================
Received Import Request.
  Time since last request: 0.000042 seconds.
  path: Assets/Sprites/Backyard - Free/Separate Tiles/backyard_88.png
  artifactKey: Guid(26d2e2edb6f81bc4eb771964be56db7b) Importer(815301076,1909f56bfc062723c751e8b465ee728b)
Start importing Assets/Sprites/Backyard - Free/Separate Tiles/backyard_88.png using Guid(26d2e2edb6f81bc4eb771964be56db7b) Importer(815301076,1909f56bfc062723c751e8b465ee728b)  -> (artifact id: '742ceaea8ab4c52b8407a534308aa011') in 0.031865 seconds 
========================================================================
Received Import Request.
  Time since last request: 0.000039 seconds.
  path: Assets/Sprites/Backyard - Free/Separate Tiles/backyard_80.png
  artifactKey: Guid(67147172c6c2ff04d90e0dc4acfc238e) Importer(815301076,1909f56bfc062723c751e8b465ee728b)
Start importing Assets/Sprites/Backyard - Free/Separate Tiles/backyard_80.png using Guid(67147172c6c2ff04d90e0dc4acfc238e) Importer(815301076,1909f56bfc062723c751e8b465ee728b)  -> (artifact id: 'e1077be8144c8b32c011f21db094d280') in 0.036521 seconds 
========================================================================
Received Import Request.
  Time since last request: 0.000053 seconds.
  path: Assets/Sprites/Backyard - Free/Separate Tiles/backyard_22.png
  artifactKey: Guid(f541d592179612449988ceaf2934476b) Importer(815301076,1909f56bfc062723c751e8b465ee728b)
Start importing Assets/Sprites/Backyard - Free/Separate Tiles/backyard_22.png using Guid(f541d592179612449988ceaf2934476b) Importer(815301076,1909f56bfc062723c751e8b465ee728b)  -> (artifact id: 'e61769f5c193a61f25181a3567948916') in 0.040103 seconds 
========================================================================
Received Import Request.
  Time since last request: 0.000110 seconds.
  path: Assets/Sprites/Blue Cartoon UI/Demo_Assets/scripts
  artifactKey: Guid(1908e863882584845a66eecfe1a3d134) Importer(815301076,1909f56bfc062723c751e8b465ee728b)
Start importing Assets/Sprites/Blue Cartoon UI/Demo_Assets/scripts using Guid(1908e863882584845a66eecfe1a3d134) Importer(815301076,1909f56bfc062723c751e8b465ee728b)  -> (artifact id: 'a2f95e667b69d2b85d5a8f40cced0368') in 0.020633 seconds 
========================================================================
Received Import Request.
  Time since last request: 0.000055 seconds.
  path: Assets/Sprites/Pixel Adventure Assests/Assets/Items/Checkpoints/End/End (Pressed) (64x64).png
  artifactKey: Guid(fac303ed69bd83b41967d9f519178bd5) Importer(815301076,1909f56bfc062723c751e8b465ee728b)
Start importing Assets/Sprites/Pixel Adventure Assests/Assets/Items/Checkpoints/End/End (Pressed) (64x64).png using Guid(fac303ed69bd83b41967d9f519178bd5) Importer(815301076,1909f56bfc062723c751e8b465ee728b)  -> (artifact id: '37d96325ab72ba3528643dd60d85c65a') in 0.056601 seconds 
========================================================================
Received Import Request.
  Time since last request: 0.000066 seconds.
  path: Assets/Sprites/Sunny Land Forest Assets/Artwork/Sprites/misc/chest/chest-2.png
  artifactKey: Guid(64f2513a35061734484a3187112c679e) Importer(815301076,1909f56bfc062723c751e8b465ee728b)
Start importing Assets/Sprites/Sunny Land Forest Assets/Artwork/Sprites/misc/chest/chest-2.png using Guid(64f2513a35061734484a3187112c679e) Importer(815301076,1909f56bfc062723c751e8b465ee728b)  -> (artifact id: '78f77d8299fc4e2636cd5fc07a805db4') in 0.042837 seconds 
========================================================================
Received Import Request.
  Time since last request: 0.000049 seconds.
  path: Assets/Sprites/Backyard - Free/Separate Tiles/backyard_24.png
  artifactKey: Guid(8486a5a575c498c4a8ac9a8b1ea52ff6) Importer(815301076,1909f56bfc062723c751e8b465ee728b)
Start importing Assets/Sprites/Backyard - Free/Separate Tiles/backyard_24.png using Guid(8486a5a575c498c4a8ac9a8b1ea52ff6) Importer(815301076,1909f56bfc062723c751e8b465ee728b)  -> (artifact id: '25cc7c5b184808256d1eb014fd2770a8') in 0.045326 seconds 
========================================================================
Received Import Request.
  Time since last request: 0.000061 seconds.
  path: Assets/Sprites/Backyard - Free/Separate Tiles/backyard_42.png
  artifactKey: Guid(f1203edf4f67aa0459281fbc69350267) Importer(815301076,1909f56bfc062723c751e8b465ee728b)
Start importing Assets/Sprites/Backyard - Free/Separate Tiles/backyard_42.png using Guid(f1203edf4f67aa0459281fbc69350267) Importer(815301076,1909f56bfc062723c751e8b465ee728b)  -> (artifact id: '450abe8e65ebf9681c646330ed738369') in 0.047539 seconds 
========================================================================
Received Import Request.
  Time since last request: 0.000071 seconds.
  path: Assets/Sprites/Backyard - Free/Separate Tiles/backyard_34.png
  artifactKey: Guid(0088205951318f44a865430d02024716) Importer(815301076,1909f56bfc062723c751e8b465ee728b)
Start importing Assets/Sprites/Backyard - Free/Separate Tiles/backyard_34.png using Guid(0088205951318f44a865430d02024716) Importer(815301076,1909f56bfc062723c751e8b465ee728b)  -> (artifact id: 'cad7f1157ba078c5f79397562adff563') in 0.041120 seconds 
========================================================================
Received Import Request.
  Time since last request: 0.000060 seconds.
  path: Assets/Sprites/Sunny Land Forest Assets/Artwork/Environment/background.png
  artifactKey: Guid(6f4406558f8dbdd4584b79b180888573) Importer(815301076,1909f56bfc062723c751e8b465ee728b)
Start importing Assets/Sprites/Sunny Land Forest Assets/Artwork/Environment/background.png using Guid(6f4406558f8dbdd4584b79b180888573) Importer(815301076,1909f56bfc062723c751e8b465ee728b)  -> (artifact id: 'bb2688aa0d34a6f4ce27cf30cef6abc4') in 0.057501 seconds 
========================================================================
Received Import Request.
  Time since last request: 0.000055 seconds.
  path: Assets/Sprites/Common
  artifactKey: Guid(1a68f8705537068468f9b11b87a1221d) Importer(815301076,1909f56bfc062723c751e8b465ee728b)
Start importing Assets/Sprites/Common using Guid(1a68f8705537068468f9b11b87a1221d) Importer(815301076,1909f56bfc062723c751e8b465ee728b)  -> (artifact id: 'b56e1051f3132b74bae2f961ccb42603') in 0.024522 seconds 
========================================================================
Received Import Request.
  Time since last request: 0.000073 seconds.
  path: Assets/Sprites/Backyard - Free/Separate Tiles/backyard_10.png
  artifactKey: Guid(ea4e10a1960804b48b274fa9ea905bf3) Importer(815301076,1909f56bfc062723c751e8b465ee728b)
Start importing Assets/Sprites/Backyard - Free/Separate Tiles/backyard_10.png using Guid(ea4e10a1960804b48b274fa9ea905bf3) Importer(815301076,1909f56bfc062723c751e8b465ee728b)  -> (artifact id: '991a7aa9b505dd860955f8a74b78947d') in 0.044390 seconds 
========================================================================
Received Import Request.
  Time since last request: 0.000060 seconds.
  path: Assets/Sprites/Backyard - Free/Separate Tiles/backyard_51.png
  artifactKey: Guid(0fbf27edb905cf943a163a5aa41f0b58) Importer(815301076,1909f56bfc062723c751e8b465ee728b)
Start importing Assets/Sprites/Backyard - Free/Separate Tiles/backyard_51.png using Guid(0fbf27edb905cf943a163a5aa41f0b58) Importer(815301076,1909f56bfc062723c751e8b465ee728b)  -> (artifact id: '5761ec592701e2ee9c9bf62d3be770ca') in 0.045649 seconds 
========================================================================
Received Import Request.
  Time since last request: 0.000078 seconds.
  path: Assets/Sprites/Backyard - Free/Separate Tiles/backyard_14.png
  artifactKey: Guid(16edd3b98a1aff54b8574f186be268f1) Importer(815301076,1909f56bfc062723c751e8b465ee728b)
Start importing Assets/Sprites/Backyard - Free/Separate Tiles/backyard_14.png using Guid(16edd3b98a1aff54b8574f186be268f1) Importer(815301076,1909f56bfc062723c751e8b465ee728b)  -> (artifact id: 'bcf377e3811b7c93b6b574b019a7dd98') in 0.043083 seconds 
========================================================================
Received Import Request.
  Time since last request: 0.000107 seconds.
  path: Assets/Sprites/Sunny Land Forest Assets/Artwork
  artifactKey: Guid(9a57a2e5ea192244884ec38bdb23d9a4) Importer(815301076,1909f56bfc062723c751e8b465ee728b)
Start importing Assets/Sprites/Sunny Land Forest Assets/Artwork using Guid(9a57a2e5ea192244884ec38bdb23d9a4) Importer(815301076,1909f56bfc062723c751e8b465ee728b)  -> (artifact id: '04794a79d81b7e896f0098cedb4983fa') in 0.021667 seconds 
========================================================================
Received Import Request.
  Time since last request: 0.000063 seconds.
  path: Assets/Sprites/Backyard - Free/Separate Tiles/backyard_27.png
  artifactKey: Guid(30f79b246eafd1640996c40c4d9770dc) Importer(815301076,1909f56bfc062723c751e8b465ee728b)
Start importing Assets/Sprites/Backyard - Free/Separate Tiles/backyard_27.png using Guid(30f79b246eafd1640996c40c4d9770dc) Importer(815301076,1909f56bfc062723c751e8b465ee728b)  -> (artifact id: '906b819be90d09a9c4b04d66199889b6') in 0.045087 seconds 
========================================================================
Received Import Request.
  Time since last request: 0.000051 seconds.
  path: Assets/Sprites/Backyard - Free/Separate Tiles/backyard_49.png
  artifactKey: Guid(45d880d9ae94aab4b8a5fff5304a1cd0) Importer(815301076,1909f56bfc062723c751e8b465ee728b)
Start importing Assets/Sprites/Backyard - Free/Separate Tiles/backyard_49.png using Guid(45d880d9ae94aab4b8a5fff5304a1cd0) Importer(815301076,1909f56bfc062723c751e8b465ee728b)  -> (artifact id: 'fb3f18edbd48701bef51336d6892bddd') in 0.046470 seconds 
========================================================================
Received Import Request.
  Time since last request: 0.000072 seconds.
  path: Assets/Sprites/Backyard - Free/Separate Tiles/backyard_50.png
  artifactKey: Guid(c48637eac08f745448e737fc75c1e07b) Importer(815301076,1909f56bfc062723c751e8b465ee728b)
Start importing Assets/Sprites/Backyard - Free/Separate Tiles/backyard_50.png using Guid(c48637eac08f745448e737fc75c1e07b) Importer(815301076,1909f56bfc062723c751e8b465ee728b)  -> (artifact id: '65d77d25fb0db3172f9ae36b3d6d1162') in 0.043704 seconds 
========================================================================
Received Import Request.
  Time since last request: 0.000081 seconds.
  path: Assets/Sprites/Backyard - Free/Separate Tiles/backyard_83.png
  artifactKey: Guid(c46486ffd11dad641af04ad886d1b583) Importer(815301076,1909f56bfc062723c751e8b465ee728b)
Start importing Assets/Sprites/Backyard - Free/Separate Tiles/backyard_83.png using Guid(c46486ffd11dad641af04ad886d1b583) Importer(815301076,1909f56bfc062723c751e8b465ee728b)  -> (artifact id: 'cde22affb629ce62869d0c02642c91a9') in 0.058377 seconds 
========================================================================
Received Import Request.
  Time since last request: 0.000066 seconds.
  path: Assets/Sprites/Pixel Adventure Assests/Assets/Items/Checkpoints/End
  artifactKey: Guid(a5d485eb27decf443b817a3eced2877a) Importer(815301076,1909f56bfc062723c751e8b465ee728b)
Start importing Assets/Sprites/Pixel Adventure Assests/Assets/Items/Checkpoints/End using Guid(a5d485eb27decf443b817a3eced2877a) Importer(815301076,1909f56bfc062723c751e8b465ee728b)  -> (artifact id: '41722bb2827c0a17a81c9d61fb32dc5d') in 0.032366 seconds 
========================================================================
Received Import Request.
  Time since last request: 0.000071 seconds.
  path: Assets/Sprites/Backyard - Free/Separate Tiles/backyard_05.png
  artifactKey: Guid(dcd36be81c911974585211665e4736da) Importer(815301076,1909f56bfc062723c751e8b465ee728b)
Start importing Assets/Sprites/Backyard - Free/Separate Tiles/backyard_05.png using Guid(dcd36be81c911974585211665e4736da) Importer(815301076,1909f56bfc062723c751e8b465ee728b)  -> (artifact id: '81506ab7aeee2009f5c5673d39d2fcd8') in 0.050488 seconds 
========================================================================
Received Import Request.
  Time since last request: 0.000071 seconds.
  path: Assets/Sprites/Blue Cartoon UI/Demo_Assets/background/background.png
  artifactKey: Guid(a1bb479efc789694991148d703a7bc19) Importer(815301076,1909f56bfc062723c751e8b465ee728b)
Start importing Assets/Sprites/Blue Cartoon UI/Demo_Assets/background/background.png using Guid(a1bb479efc789694991148d703a7bc19) Importer(815301076,1909f56bfc062723c751e8b465ee728b)  -> (artifact id: '3bf3c58d0206775fc723867d33fb6cd2') in 0.448667 seconds 
========================================================================
Received Import Request.
  Time since last request: 0.000072 seconds.
  path: Assets/Sprites/Backyard - Free/Separate Tiles/backyard_17.png
  artifactKey: Guid(b15b3b8a8c5653940add2e9d51b1ac8a) Importer(815301076,1909f56bfc062723c751e8b465ee728b)
Start importing Assets/Sprites/Backyard - Free/Separate Tiles/backyard_17.png using Guid(b15b3b8a8c5653940add2e9d51b1ac8a) Importer(815301076,1909f56bfc062723c751e8b465ee728b)  -> (artifact id: 'b39336c6edaf518139e8cb288fdec883') in 0.040600 seconds 
========================================================================
Received Import Request.
  Time since last request: 0.000071 seconds.
  path: Assets/Sprites/Backyard - Free/Separate Tiles/backyard_32.png
  artifactKey: Guid(a95d5e76fc8e0fd40b934759b22ceb6f) Importer(815301076,1909f56bfc062723c751e8b465ee728b)
Start importing Assets/Sprites/Backyard - Free/Separate Tiles/backyard_32.png using Guid(a95d5e76fc8e0fd40b934759b22ceb6f) Importer(815301076,1909f56bfc062723c751e8b465ee728b)  -> (artifact id: '35e7c811ca9184f36810e216356fd5bd') in 0.044205 seconds 
========================================================================
Received Import Request.
  Time since last request: 0.000051 seconds.
  path: Assets/Sprites/Backyard - Free/Separate Tiles/backyard_13.png
  artifactKey: Guid(3da0d16116286e94c82c332613e66eb9) Importer(815301076,1909f56bfc062723c751e8b465ee728b)
Start importing Assets/Sprites/Backyard - Free/Separate Tiles/backyard_13.png using Guid(3da0d16116286e94c82c332613e66eb9) Importer(815301076,1909f56bfc062723c751e8b465ee728b)  -> (artifact id: 'cca6955d93f04d1bc47325b1abd9bb72') in 0.046624 seconds 
========================================================================
Received Import Request.
  Time since last request: 0.000053 seconds.
  path: Assets/Sprites/Backyard - Free/Separate Tiles/backyard_48.png
  artifactKey: Guid(ebf086550618dae429e0d6840f283566) Importer(815301076,1909f56bfc062723c751e8b465ee728b)
Start importing Assets/Sprites/Backyard - Free/Separate Tiles/backyard_48.png using Guid(ebf086550618dae429e0d6840f283566) Importer(815301076,1909f56bfc062723c751e8b465ee728b)  -> (artifact id: '61b0e2c6f3317612131d3fbfaaa5309f') in 0.056982 seconds 
========================================================================
Received Import Request.
  Time since last request: 0.000098 seconds.
  path: Assets/Sprites/Backyard - Free/Separate Tiles/backyard_28.png
  artifactKey: Guid(b38c76347c82d59428963ce235f638db) Importer(815301076,1909f56bfc062723c751e8b465ee728b)
Start importing Assets/Sprites/Backyard - Free/Separate Tiles/backyard_28.png using Guid(b38c76347c82d59428963ce235f638db) Importer(815301076,1909f56bfc062723c751e8b465ee728b)  -> (artifact id: 'a005011fac7fdd7fb43a1799ec3ae6e5') in 0.066333 seconds 
========================================================================
Received Import Request.
  Time since last request: 0.000091 seconds.
  path: Assets/Sprites/Backyard - Free/Separate Tiles/backyard_36.png
  artifactKey: Guid(9492d04cf4f2ac04189669192f65ecdf) Importer(815301076,1909f56bfc062723c751e8b465ee728b)
Start importing Assets/Sprites/Backyard - Free/Separate Tiles/backyard_36.png using Guid(9492d04cf4f2ac04189669192f65ecdf) Importer(815301076,1909f56bfc062723c751e8b465ee728b)  -> (artifact id: '004241b2f307489fc19a7aedbc79a194') in 0.040063 seconds 
========================================================================
Received Import Request.
  Time since last request: 0.000065 seconds.
  path: Assets/Sprites/Pixel Adventure Assests/Assets/Items
  artifactKey: Guid(11a87d2ec08ec204e832408a86626fd6) Importer(815301076,1909f56bfc062723c751e8b465ee728b)
Start importing Assets/Sprites/Pixel Adventure Assests/Assets/Items using Guid(11a87d2ec08ec204e832408a86626fd6) Importer(815301076,1909f56bfc062723c751e8b465ee728b)  -> (artifact id: 'af56a0ef8ca304b60a02483797ec3e48') in 0.022665 seconds 
========================================================================
Received Import Request.
  Time since last request: 0.000055 seconds.
  path: Assets/Sprites/Backyard - Free/Separate Tiles/backyard_72.png
  artifactKey: Guid(1a524efef139afb4dab20889557264f8) Importer(815301076,1909f56bfc062723c751e8b465ee728b)
Start importing Assets/Sprites/Backyard - Free/Separate Tiles/backyard_72.png using Guid(1a524efef139afb4dab20889557264f8) Importer(815301076,1909f56bfc062723c751e8b465ee728b)  -> (artifact id: '09fb79de6b8ea9351f1c275e845b5eec') in 0.048822 seconds 
========================================================================
Received Import Request.
  Time since last request: 0.000070 seconds.
  path: Assets/Sprites/Backyard - Free/Separate Tiles/backyard_70.png
  artifactKey: Guid(0d79ab80670afc54fadad03c5e4551ac) Importer(815301076,1909f56bfc062723c751e8b465ee728b)
Start importing Assets/Sprites/Backyard - Free/Separate Tiles/backyard_70.png using Guid(0d79ab80670afc54fadad03c5e4551ac) Importer(815301076,1909f56bfc062723c751e8b465ee728b)  -> (artifact id: '2cf14a9161fe82ee45e6324e577e8752') in 0.044227 seconds 
========================================================================
Received Import Request.
  Time since last request: 0.000072 seconds.
  path: Assets/Sprites/Backyard - Free/Separate Tiles/backyard_01.png
  artifactKey: Guid(3ce2375a7a63584498a0c208da8a579a) Importer(815301076,1909f56bfc062723c751e8b465ee728b)
Start importing Assets/Sprites/Backyard - Free/Separate Tiles/backyard_01.png using Guid(3ce2375a7a63584498a0c208da8a579a) Importer(815301076,1909f56bfc062723c751e8b465ee728b)  -> (artifact id: '93e6290708f672c2cbc8f085848360fd') in 0.044387 seconds 
========================================================================
Received Import Request.
  Time since last request: 0.000079 seconds.
  path: Assets/Sprites/Backyard - Free/Separate Tiles/backyard_81.png
  artifactKey: Guid(2ec189ed9d15d5741a73b35b28eea6c9) Importer(815301076,1909f56bfc062723c751e8b465ee728b)
Start importing Assets/Sprites/Backyard - Free/Separate Tiles/backyard_81.png using Guid(2ec189ed9d15d5741a73b35b28eea6c9) Importer(815301076,1909f56bfc062723c751e8b465ee728b)  -> (artifact id: '30428f0a49e3350606a81ee9d6cbcc21') in 0.044264 seconds 
========================================================================
Received Import Request.
  Time since last request: 0.000056 seconds.
  path: Assets/Sprites/Sunny Land Forest Assets/Artwork/Environment/tileset.png
  artifactKey: Guid(8433362a779490d4395f2cbbf130733b) Importer(815301076,1909f56bfc062723c751e8b465ee728b)
Start importing Assets/Sprites/Sunny Land Forest Assets/Artwork/Environment/tileset.png using Guid(8433362a779490d4395f2cbbf130733b) Importer(815301076,1909f56bfc062723c751e8b465ee728b)  -> (artifact id: '5690e04a9779e3f83813474b07a3af48') in 0.065851 seconds 
========================================================================
Received Import Request.
  Time since last request: 0.000060 seconds.
  path: Assets/Sprites/Sunny Land Forest Assets/Artwork/Environment
  artifactKey: Guid(6720b56834fa1434686cd0158bb9ff0b) Importer(815301076,1909f56bfc062723c751e8b465ee728b)
Start importing Assets/Sprites/Sunny Land Forest Assets/Artwork/Environment using Guid(6720b56834fa1434686cd0158bb9ff0b) Importer(815301076,1909f56bfc062723c751e8b465ee728b)  -> (artifact id: 'b6003dcb00b5a6e42249dcc05a568728') in 0.018115 seconds 
========================================================================
Received Import Request.
  Time since last request: 0.000057 seconds.
  path: Assets/Sprites/Backyard - Free/Separate Tiles/backyard_61.png
  artifactKey: Guid(9c0e40d13650b58469b4e3bfaa217c34) Importer(815301076,1909f56bfc062723c751e8b465ee728b)
Start importing Assets/Sprites/Backyard - Free/Separate Tiles/backyard_61.png using Guid(9c0e40d13650b58469b4e3bfaa217c34) Importer(815301076,1909f56bfc062723c751e8b465ee728b)  -> (artifact id: '61f0bddef66c7134e3f2a98cc7409305') in 0.045034 seconds 
========================================================================
Received Import Request.
  Time since last request: 0.000062 seconds.
  path: Assets/Sprites/Backyard - Free/Separate Tiles
  artifactKey: Guid(b5cd50e2ee04e7e428a22f519a9eeb54) Importer(815301076,1909f56bfc062723c751e8b465ee728b)
Start importing Assets/Sprites/Backyard - Free/Separate Tiles using Guid(b5cd50e2ee04e7e428a22f519a9eeb54) Importer(815301076,1909f56bfc062723c751e8b465ee728b)  -> (artifact id: 'f1a95c590184d9cc0f88445c5bca0e15') in 0.022540 seconds 
========================================================================
Received Import Request.
  Time since last request: 0.000105 seconds.
  path: Assets/Sprites/Backyard - Free/Separate Tiles/backyard_73.png
  artifactKey: Guid(2b7ccd7c1f20b6c468955e1c923d9aa1) Importer(815301076,1909f56bfc062723c751e8b465ee728b)
Start importing Assets/Sprites/Backyard - Free/Separate Tiles/backyard_73.png using Guid(2b7ccd7c1f20b6c468955e1c923d9aa1) Importer(815301076,1909f56bfc062723c751e8b465ee728b)  -> (artifact id: '7bb1596ee54832e09984ed96ae82799a') in 0.048990 seconds 
========================================================================
Received Import Request.
  Time since last request: 0.000052 seconds.
  path: Assets/Sprites/Backyard - Free/Separate Tiles/backyard_43.png
  artifactKey: Guid(c7890a51b447efd4992f9c41f8e38884) Importer(815301076,1909f56bfc062723c751e8b465ee728b)
Start importing Assets/Sprites/Backyard - Free/Separate Tiles/backyard_43.png using Guid(c7890a51b447efd4992f9c41f8e38884) Importer(815301076,1909f56bfc062723c751e8b465ee728b)  -> (artifact id: 'd0be5da9984d504c8230c42975e39cc8') in 0.048172 seconds 
========================================================================
Received Import Request.
  Time since last request: 0.000056 seconds.
  path: Assets/Sprites/Backyard - Free/Separate Tiles/backyard_89.png
  artifactKey: Guid(a6333ff8a1cdcb64da88d974fac0c006) Importer(815301076,1909f56bfc062723c751e8b465ee728b)
Start importing Assets/Sprites/Backyard - Free/Separate Tiles/backyard_89.png using Guid(a6333ff8a1cdcb64da88d974fac0c006) Importer(815301076,1909f56bfc062723c751e8b465ee728b)  -> (artifact id: '8150a58ac21dc5c8e543db7730e472ea') in 0.049643 seconds 
========================================================================
Received Import Request.
  Time since last request: 0.000066 seconds.
  path: Assets/Sprites/Backyard - Free/Separate Tiles/backyard_53.png
  artifactKey: Guid(513238fbd58ab214b8357c0000019fff) Importer(815301076,1909f56bfc062723c751e8b465ee728b)
Start importing Assets/Sprites/Backyard - Free/Separate Tiles/backyard_53.png using Guid(513238fbd58ab214b8357c0000019fff) Importer(815301076,1909f56bfc062723c751e8b465ee728b)  -> (artifact id: '9970c1d91dd0095e1462e522b4e8b11a') in 0.052284 seconds 
========================================================================
Received Import Request.
  Time since last request: 0.000091 seconds.
  path: Assets/Sprites/Backyard - Free/Separate Tiles/backyard_56.png
  artifactKey: Guid(604e46377724c6e4fb2fcd29b23178d9) Importer(815301076,1909f56bfc062723c751e8b465ee728b)
Start importing Assets/Sprites/Backyard - Free/Separate Tiles/backyard_56.png using Guid(604e46377724c6e4fb2fcd29b23178d9) Importer(815301076,1909f56bfc062723c751e8b465ee728b)  -> (artifact id: 'a4dd83d892c1a7c300626131ceaee89c') in 0.050861 seconds 
========================================================================
Received Import Request.
  Time since last request: 0.000063 seconds.
  path: Assets/Sprites/Sunny Land Forest Assets/Artwork/Environment/environment-preview.png
  artifactKey: Guid(76f09deeeef984d41a0dce3563ccf5ad) Importer(815301076,1909f56bfc062723c751e8b465ee728b)
Start importing Assets/Sprites/Sunny Land Forest Assets/Artwork/Environment/environment-preview.png using Guid(76f09deeeef984d41a0dce3563ccf5ad) Importer(815301076,1909f56bfc062723c751e8b465ee728b)  -> (artifact id: 'a996e07ef192e2dea96370a0c2c07bc2') in 0.220279 seconds 
========================================================================
Received Import Request.
  Time since last request: 0.000074 seconds.
  path: Assets/Sprites/Backyard - Free/Separate Tiles/backyard_11.png
  artifactKey: Guid(b5d68ed745c1ac940a186499d9e074a6) Importer(815301076,1909f56bfc062723c751e8b465ee728b)
Start importing Assets/Sprites/Backyard - Free/Separate Tiles/backyard_11.png using Guid(b5d68ed745c1ac940a186499d9e074a6) Importer(815301076,1909f56bfc062723c751e8b465ee728b)  -> (artifact id: 'b2d9ee2c86378a394818568e4985fe00') in 0.053309 seconds 
========================================================================
Received Import Request.
  Time since last request: 0.000097 seconds.
  path: Assets/Sprites/Backyard - Free/Separate Tiles/backyard_38.png
  artifactKey: Guid(fcbf97a8b1db5f042a5609aa04bcd0a1) Importer(815301076,1909f56bfc062723c751e8b465ee728b)
Start importing Assets/Sprites/Backyard - Free/Separate Tiles/backyard_38.png using Guid(fcbf97a8b1db5f042a5609aa04bcd0a1) Importer(815301076,1909f56bfc062723c751e8b465ee728b)  -> (artifact id: '158f560bcca1827341f12ade5be4d5f4') in 0.053665 seconds 
========================================================================
Received Import Request.
  Time since last request: 0.000082 seconds.
  path: Assets/Sprites/Backyard - Free/Separate Tiles/backyard_74.png
  artifactKey: Guid(80e295dc1b9bac84d98ed89a321cb514) Importer(815301076,1909f56bfc062723c751e8b465ee728b)
Start importing Assets/Sprites/Backyard - Free/Separate Tiles/backyard_74.png using Guid(80e295dc1b9bac84d98ed89a321cb514) Importer(815301076,1909f56bfc062723c751e8b465ee728b)  -> (artifact id: 'afd7e00166cea2daace2b7b2329370ee') in 0.049662 seconds 
========================================================================
Received Import Request.
  Time since last request: 0.000064 seconds.
  path: Assets/Sprites/Backyard - Free/Separate Tiles/backyard_57.png
  artifactKey: Guid(1d0663ff51de49743a546cfdc39a043f) Importer(815301076,1909f56bfc062723c751e8b465ee728b)
Start importing Assets/Sprites/Backyard - Free/Separate Tiles/backyard_57.png using Guid(1d0663ff51de49743a546cfdc39a043f) Importer(815301076,1909f56bfc062723c751e8b465ee728b)  -> (artifact id: '6172f7a81f75ceb07890a1acee89fdf1') in 0.051065 seconds 
========================================================================
Received Import Request.
  Time since last request: 0.000073 seconds.
  path: Assets/Sprites/Backyard - Free/Separate Tiles/backyard_39.png
  artifactKey: Guid(a808dd7a0d71afd458783f8cd526ee4e) Importer(815301076,1909f56bfc062723c751e8b465ee728b)
Start importing Assets/Sprites/Backyard - Free/Separate Tiles/backyard_39.png using Guid(a808dd7a0d71afd458783f8cd526ee4e) Importer(815301076,1909f56bfc062723c751e8b465ee728b)  -> (artifact id: 'bbf1029ad2085dca3d8e847754a00dea') in 0.052156 seconds 
========================================================================
Received Import Request.
  Time since last request: 0.000100 seconds.
  path: Assets/Sprites/Backyard - Free/Separate Tiles/backyard_06.png
  artifactKey: Guid(67a0bb08e9cc8b5459a7f83c013d6183) Importer(815301076,1909f56bfc062723c751e8b465ee728b)
Start importing Assets/Sprites/Backyard - Free/Separate Tiles/backyard_06.png using Guid(67a0bb08e9cc8b5459a7f83c013d6183) Importer(815301076,1909f56bfc062723c751e8b465ee728b)  -> (artifact id: '1f44a9b21d0ec4ac92c569ffe22068de') in 0.052085 seconds 
========================================================================
Received Import Request.
  Time since last request: 0.000065 seconds.
  path: Assets/Sprites/Blue Cartoon UI
  artifactKey: Guid(6493707d30a1d7a4297945dd75e0285d) Importer(815301076,1909f56bfc062723c751e8b465ee728b)
Start importing Assets/Sprites/Blue Cartoon UI using Guid(6493707d30a1d7a4297945dd75e0285d) Importer(815301076,1909f56bfc062723c751e8b465ee728b)  -> (artifact id: '355265df0765ae773508ca16c509c5c9') in 0.028812 seconds 
========================================================================
Received Import Request.
  Time since last request: 0.000075 seconds.
  path: Assets/Sprites/Blue Cartoon UI/Demo_Assets
  artifactKey: Guid(13496168334224f419d6d379923c8b7d) Importer(815301076,1909f56bfc062723c751e8b465ee728b)
Start importing Assets/Sprites/Blue Cartoon UI/Demo_Assets using Guid(13496168334224f419d6d379923c8b7d) Importer(815301076,1909f56bfc062723c751e8b465ee728b)  -> (artifact id: '8756be6f36b7e58401f00cba7bc14682') in 0.023379 seconds 
========================================================================
Received Import Request.
  Time since last request: 0.000078 seconds.
  path: Assets/Sprites/Backyard - Free/Separate Tiles/backyard_85.png
  artifactKey: Guid(431debd8cef55f54f863ed5ffba9d34d) Importer(815301076,1909f56bfc062723c751e8b465ee728b)
Start importing Assets/Sprites/Backyard - Free/Separate Tiles/backyard_85.png using Guid(431debd8cef55f54f863ed5ffba9d34d) Importer(815301076,1909f56bfc062723c751e8b465ee728b)  -> (artifact id: 'f5c906fa46d71fb66340d72980d55ff8') in 0.050019 seconds 
========================================================================
Received Import Request.
  Time since last request: 0.000080 seconds.
  path: Assets/Sprites/Backyard - Free
  artifactKey: Guid(0fd759572a5d8214f973c7c4649ab92e) Importer(815301076,1909f56bfc062723c751e8b465ee728b)
Start importing Assets/Sprites/Backyard - Free using Guid(0fd759572a5d8214f973c7c4649ab92e) Importer(815301076,1909f56bfc062723c751e8b465ee728b)  -> (artifact id: '506643b3eafa2e7a90fb9660dd23a9b6') in 0.026106 seconds 
========================================================================
Received Import Request.
  Time since last request: 0.000074 seconds.
  path: Assets/Sprites/Backyard - Free/Separate Tiles/backyard_78.png
  artifactKey: Guid(4753257ffdd272f4bb68720b6b795290) Importer(815301076,1909f56bfc062723c751e8b465ee728b)
Start importing Assets/Sprites/Backyard - Free/Separate Tiles/backyard_78.png using Guid(4753257ffdd272f4bb68720b6b795290) Importer(815301076,1909f56bfc062723c751e8b465ee728b)  -> (artifact id: '5f6621b9a7f387707ffabb6aa51cb01c') in 0.048738 seconds 
========================================================================
Received Import Request.
  Time since last request: 0.000053 seconds.
  path: Assets/Sprites/Backyard - Free/Separate Tiles/backyard_03.png
  artifactKey: Guid(3eb2e406d2dcebe4090a2b2111dc3fc3) Importer(815301076,1909f56bfc062723c751e8b465ee728b)
Start importing Assets/Sprites/Backyard - Free/Separate Tiles/backyard_03.png using Guid(3eb2e406d2dcebe4090a2b2111dc3fc3) Importer(815301076,1909f56bfc062723c751e8b465ee728b)  -> (artifact id: 'c8d09e661fdbb03b5ab7e9a98b9d7243') in 0.051488 seconds 
========================================================================
Received Import Request.
  Time since last request: 0.000059 seconds.
  path: Assets/Sprites/Backyard - Free/Separate Tiles/backyard_35.png
  artifactKey: Guid(de0ad9041967a9f498edefe8577aff32) Importer(815301076,1909f56bfc062723c751e8b465ee728b)
Start importing Assets/Sprites/Backyard - Free/Separate Tiles/backyard_35.png using Guid(de0ad9041967a9f498edefe8577aff32) Importer(815301076,1909f56bfc062723c751e8b465ee728b)  -> (artifact id: 'f096fc719268161adfb06245ef365863') in 0.052633 seconds 
========================================================================
Received Import Request.
  Time since last request: 0.000064 seconds.
  path: Assets/Sprites/Common/Coin.png
  artifactKey: Guid(824a4673b7be3fc49bbc74b48865f33d) Importer(815301076,1909f56bfc062723c751e8b465ee728b)
Start importing Assets/Sprites/Common/Coin.png using Guid(824a4673b7be3fc49bbc74b48865f33d) Importer(815301076,1909f56bfc062723c751e8b465ee728b)  -> (artifact id: '3a0eb6467b1a2705c1e50be74fbb75e1') in 0.151505 seconds 
========================================================================
Received Import Request.
  Time since last request: 0.000093 seconds.
  path: Assets/Sprites/Sunny Land Forest Assets
  artifactKey: Guid(59bde8c8273d73241928ea3d822f3248) Importer(815301076,1909f56bfc062723c751e8b465ee728b)
Start importing Assets/Sprites/Sunny Land Forest Assets using Guid(59bde8c8273d73241928ea3d822f3248) Importer(815301076,1909f56bfc062723c751e8b465ee728b)  -> (artifact id: '3cbe727b4a05201b9098a9d324e0efad') in 0.023434 seconds 
========================================================================
Received Import Request.
  Time since last request: 0.000091 seconds.
  path: Assets/Sprites/Backyard - Free/Separate Tiles/backyard_00.png
  artifactKey: Guid(47cee3ea59099e14f93a6d9d3a0252cc) Importer(815301076,1909f56bfc062723c751e8b465ee728b)
Start importing Assets/Sprites/Backyard - Free/Separate Tiles/backyard_00.png using Guid(47cee3ea59099e14f93a6d9d3a0252cc) Importer(815301076,1909f56bfc062723c751e8b465ee728b)  -> (artifact id: '0c64be73e7203011cbb75f25b4c3af34') in 0.049763 seconds 
========================================================================
Received Import Request.
  Time since last request: 0.000064 seconds.
  path: Assets/Sprites/Backyard - Free/Separate Tiles/backyard_54.png
  artifactKey: Guid(957ba6cebd8860f46b118381f555fdd8) Importer(815301076,1909f56bfc062723c751e8b465ee728b)
Start importing Assets/Sprites/Backyard - Free/Separate Tiles/backyard_54.png using Guid(957ba6cebd8860f46b118381f555fdd8) Importer(815301076,1909f56bfc062723c751e8b465ee728b)  -> (artifact id: '13e0df1968eb4b0576f43ec75a53cb3b') in 0.054723 seconds 
========================================================================
Received Import Request.
  Time since last request: 0.000090 seconds.
  path: Assets/Sprites/Sunny Land Forest Assets/Scenes
  artifactKey: Guid(f3684fb03fe2e6e4fb428744ef5bab7c) Importer(815301076,1909f56bfc062723c751e8b465ee728b)
Start importing Assets/Sprites/Sunny Land Forest Assets/Scenes using Guid(f3684fb03fe2e6e4fb428744ef5bab7c) Importer(815301076,1909f56bfc062723c751e8b465ee728b)  -> (artifact id: '20471f253253c313d17620b4fb77f250') in 0.027988 seconds 
========================================================================
Received Import Request.
  Time since last request: 0.000106 seconds.
  path: Assets/Sprites/Backyard - Free/Separate Tiles/backyard_84.png
  artifactKey: Guid(ab0ed790d75668c449630b4e0955d47b) Importer(815301076,1909f56bfc062723c751e8b465ee728b)
Start importing Assets/Sprites/Backyard - Free/Separate Tiles/backyard_84.png using Guid(ab0ed790d75668c449630b4e0955d47b) Importer(815301076,1909f56bfc062723c751e8b465ee728b)  -> (artifact id: '906add4d3aff32aff8e3794e3acac189') in 0.047938 seconds 
========================================================================
Received Prepare
Registering precompiled user dll's ...
Registered in 0.016761 seconds.
Begin MonoManager ReloadAssembly
Symbol file LoadedFromMemory doesn't match image E:\Unity\Advance_Unity\Project1\PRU221_Group2_Project1_TowerDefense\2D_TowerDefense\Library\PackageCache\com.unity.visualscripting@1.7.8\Editor\VisualScripting.Core\Dependencies\YamlDotNet\Unity.VisualScripting.YamlDotNet.dll
Symbol file LoadedFromMemory doesn't match image E:\Unity\Advance_Unity\Project1\PRU221_Group2_Project1_TowerDefense\2D_TowerDefense\Library\PackageCache\com.unity.visualscripting@1.7.8\Editor\VisualScripting.Core\Dependencies\DotNetZip\Unity.VisualScripting.IonicZip.dll
Native extension for WindowsStandalone target not found
Native extension for WebGL target not found
Refreshing native plugins compatible for Editor in 2.10 ms, found 4 plugins.
Preloading 0 native plugins for Editor in 0.00 ms.
Mono: successfully reloaded assembly
- Completed reload, in  3.186 seconds
Domain Reload Profiling:
	ReloadAssembly (3188ms)
		BeginReloadAssembly (459ms)
			ExecutionOrderSort (0ms)
			DisableScriptedObjects (31ms)
			BackupInstance (0ms)
			ReleaseScriptingObjects (0ms)
			CreateAndSetChildDomain (123ms)
		EndReloadAssembly (2375ms)
			LoadAssemblies (294ms)
			RebuildTransferFunctionScriptingTraits (0ms)
			SetupTypeCache (827ms)
			ReleaseScriptCaches (3ms)
			RebuildScriptCaches (211ms)
			SetupLoadedEditorAssemblies (901ms)
				LogAssemblyErrors (0ms)
				InitializePlatformSupportModulesInManaged (35ms)
				SetLoadedEditorAssemblies (2ms)
				RefreshPlugins (2ms)
				BeforeProcessingInitializeOnLoad (211ms)
				ProcessInitializeOnLoadAttributes (542ms)
				ProcessInitializeOnLoadMethodAttributes (94ms)
				AfterProcessingInitializeOnLoad (15ms)
				EditorAssembliesLoaded (0ms)
			ExecutionOrderSort2 (0ms)
			AwakeInstancesAfterBackupRestoration (19ms)
Platform modules already initialized, skipping
Refreshing native plugins compatible for Editor in 5.12 ms, found 4 plugins.
Preloading 0 native plugins for Editor in 0.00 ms.
Unloading 4041 Unused Serialized files (Serialized files now loaded: 0)
Unloading 31 unused Assets / (195.3 KB). Loaded Objects now: 4525.
Memory consumption went from 156.5 MB to 156.3 MB.
Total: 10.030600 ms (FindLiveObjects: 0.500000 ms CreateObjectMapping: 0.382400 ms MarkObjects: 8.871100 ms  DeleteObjects: 0.275100 ms)

AssetImportParameters requested are different than current active one (requested -> active):
  custom:video-decoder-ogg-theora: a1e56fd34408186e4bbccfd4996cb3dc -> 
  custom:container-muxer-webm: aa71ff27fc2769a1b78a27578f13a17b -> 
  custom:container-demuxer-webm: 4f35f7cbe854078d1ac9338744f61a02 -> 
  custom:video-encoder-webm-vp8: eb34c28f22e8b96e1ab97ce403110664 -> 
  custom:audio-encoder-webm-vorbis: bf7c407c2cedff20999df2af8eb42d56 -> 
  custom:framework-win-MediaFoundation: 216162199b28c13a410421893ffa2e32 -> 
  custom:container-demuxer-ogg: 62fdf1f143b41e24485cea50d1cbac27 -> 
  custom:video-decoder-webm-vp8: 9c59270c3fd7afecdb556c50c9e8de78 -> 
  custom:audio-decoder-ogg-vorbis: bf7c407c2cedff20999df2af8eb42d56 -> 
